<?xml version="1.0" encoding="UTF-8"?>
<!-- Generated by org.testng.reporters.JUnitReportReporter -->
<testsuite hostname="DESKTOP-LHGD625" failures="0" tests="2" name="TestCase" time="0.007" errors="0" timestamp="2020-04-24T11:36:21 EDT" skipped="1">
  <testcase classname="TestCase" name="register" time="0.007"/>
  <testcase classname="TestCase" name="login">
    <skipped/>
  </testcase> <!-- login -->
</testsuite> <!-- TestCase -->
